<?xml version="1.0" encoding="UTF-8"?>
<!-- Generated by org.testng.reporters.JUnitReportReporter -->
<testsuite hostname="dede-PC" name="com.EveryoneCounts.TC_Calculator" tests="4" failures="0" timestamp="25 Mar 2016 20:12:36 GMT" time="136.655" errors="0">
  <testcase name="testAddition" time="34.888" classname="com.EveryoneCounts.TC_Calculator"/>
  <testcase name="testSubtraction" time="33.062" classname="com.EveryoneCounts.TC_Calculator"/>
  <testcase name="testDivision" time="25.340" classname="com.EveryoneCounts.TC_Calculator"/>
  <testcase name="testMultipication" time="43.365" classname="com.EveryoneCounts.TC_Calculator"/>
</testsuite> <!-- com.EveryoneCounts.TC_Calculator -->
